<?xml version="1.0" encoding="UTF-8"?>
<testng-results ignored="0" total="4" passed="4" failed="0" skipped="0">
  <reporter-output>
  </reporter-output>
  <suite started-at="2021-03-09T20:05:45 IST" name="UI Automation Suite" finished-at="2021-03-09T20:07:22 IST" duration-ms="96627">
    <groups>
      <group name="createParentAccount">
        <method signature="CreateParentAccountTest.createParentAccount()[pri:3, instance:com.kosmos.test.CreateParentAccountTest@1fc793c2]" name="createParentAccount" class="com.kosmos.test.CreateParentAccountTest"/>
      </group> <!-- createParentAccount -->
      <group name="login">
        <method signature="LoginTest.applicationLaunchedSuccessfully()[pri:0, instance:com.kosmos.test.LoginTest@433ffad1]" name="applicationLaunchedSuccessfully" class="com.kosmos.test.LoginTest"/>
        <method signature="LoginTest.checkNumberOfLanguageDropDownElement()[pri:1, instance:com.kosmos.test.LoginTest@433ffad1]" name="checkNumberOfLanguageDropDownElement" class="com.kosmos.test.LoginTest"/>
        <method signature="LoginTest.validateLabelChangeOfContinueButton()[pri:2, instance:com.kosmos.test.LoginTest@433ffad1]" name="validateLabelChangeOfContinueButton" class="com.kosmos.test.LoginTest"/>
      </group> <!-- login -->
    </groups>
    <test started-at="2021-03-09T20:05:45 IST" name="Smoke Test" finished-at="2021-03-09T20:07:22 IST" duration-ms="96627">
      <class name="com.kosmos.test.CreateParentAccountTest">
        <test-method signature="createParentAccount()[pri:3, instance:com.kosmos.test.CreateParentAccountTest@1fc793c2]" started-at="2021-03-09T20:06:49 IST" name="createParentAccount" depends-on-groups="login" finished-at="2021-03-09T20:07:22 IST" duration-ms="33037" status="PASS">
          <reporter-output>
          </reporter-output>
        </test-method> <!-- createParentAccount -->
      </class> <!-- com.kosmos.test.CreateParentAccountTest -->
      <class name="com.kosmos.test.LoginTest">
        <test-method signature="applicationLaunchedSuccessfully()[pri:0, instance:com.kosmos.test.LoginTest@433ffad1]" started-at="2021-03-09T20:05:46 IST" name="applicationLaunchedSuccessfully" finished-at="2021-03-09T20:05:59 IST" duration-ms="13570" status="PASS">
          <reporter-output>
          </reporter-output>
        </test-method> <!-- applicationLaunchedSuccessfully -->
        <test-method signature="checkNumberOfLanguageDropDownElement()[pri:1, instance:com.kosmos.test.LoginTest@433ffad1]" started-at="2021-03-09T20:05:59 IST" name="checkNumberOfLanguageDropDownElement" finished-at="2021-03-09T20:06:03 IST" duration-ms="4133" status="PASS">
          <reporter-output>
          </reporter-output>
        </test-method> <!-- checkNumberOfLanguageDropDownElement -->
        <test-method signature="validateLabelChangeOfContinueButton()[pri:2, instance:com.kosmos.test.LoginTest@433ffad1]" started-at="2021-03-09T20:06:03 IST" name="validateLabelChangeOfContinueButton" finished-at="2021-03-09T20:06:49 IST" duration-ms="45652" status="PASS">
          <reporter-output>
          </reporter-output>
        </test-method> <!-- validateLabelChangeOfContinueButton -->
      </class> <!-- com.kosmos.test.LoginTest -->
    </test> <!-- Smoke Test -->
  </suite> <!-- UI Automation Suite -->
</testng-results>
