<?xml version="1.0" encoding="UTF-8"?>
<testsuite xmlns:xsi="http://www.w3.org/2001/XMLSchema-instance" xsi:schemaLocation="https://maven.apache.org/surefire/maven-surefire-plugin/xsd/surefire-test-report.xsd" name="TestSuite" time="247.944" tests="4" errors="0" skipped="0" failures="0">
  <properties>
[...]
</properties>
  <testcase name="applicationLaunchedSuccessfully" classname="com.kosmos.test.LoginTest" time="13.566"/>
  <testcase name="checkNumberOfLanguageDropDownElement" classname="com.kosmos.test.LoginTest" time="4.137"/>
  <testcase name="validateLabelChangeOfContinueButton" classname="com.kosmos.test.LoginTest" time="45.645"/>
  <testcase name="createParentAccount" classname="com.kosmos.test.CreateParentAccountTest" time="33.023"/>
</testsuite>