<?xml version="1.0" encoding="UTF-8"?>
<!-- Generated by org.testng.reporters.JUnitXMLReporter -->
<testsuite ignored="0" hostname="LT-IND-56" failures="0" tests="4" name="Smoke Test" time="96.627" errors="0" timestamp="2021-03-09T20:07:22 IST">
  <testcase classname="com.kosmos.test.LoginTest" name="applicationLaunchedSuccessfully" time="13.57"/>
  <testcase classname="com.kosmos.test.LoginTest" name="checkNumberOfLanguageDropDownElement" time="4.133"/>
  <testcase classname="com.kosmos.test.LoginTest" name="validateLabelChangeOfContinueButton" time="45.652"/>
  <testcase classname="com.kosmos.test.CreateParentAccountTest" name="createParentAccount" time="33.037"/>
</testsuite> <!-- Smoke Test -->
